This file contains any messages produced by compilers while
running configure, to aid debugging if configure makes a mistake.

It was created by mstflint configure 1.4, which was
generated by GNU Autoconf 2.63.  Invocation command line was

  $ ./configure 

## --------- ##
## Platform. ##
## --------- ##

hostname = sw006
uname -m = x86_64
uname -r = 2.6.32-71.el6.x86_64
uname -s = Linux
uname -v = #1 SMP Wed Sep 1 01:33:01 EDT 2010

/usr/bin/uname -p = unknown
/bin/uname -X     = unknown

/bin/arch              = x86_64
/usr/bin/arch -k       = unknown
/usr/convex/getsysinfo = unknown
/usr/bin/hostinfo      = unknown
/bin/machine           = unknown
/usr/bin/oslevel       = unknown
/bin/universe          = unknown

PATH: /opt/CollabNet_Subversion/bin
PATH: /usr/lib64/qt-3.3/bin
PATH: /usr/local/bin
PATH: /bin
PATH: /usr/bin
PATH: /usr/local/sbin
PATH: /usr/sbin
PATH: /sbin
PATH: /opt/bin
PATH: /home/mohammad/bin


## ----------- ##
## Core tests. ##
## ----------- ##

configure:2102: checking for a BSD-compatible install
configure:2170: result: /usr/bin/install -c
configure:2181: checking whether build environment is sane
configure:2241: result: yes
configure:2382: checking for a thread-safe mkdir -p
configure:2421: result: /bin/mkdir -p
configure:2434: checking for gawk
configure:2450: found /bin/gawk
configure:2461: result: gawk
configure:2472: checking whether make sets $(MAKE)
configure:2494: result: yes
configure:2625: checking for gcc
configure:2641: found /usr/bin/gcc
configure:2652: result: gcc
configure:2884: checking for C compiler version
configure:2892: gcc --version >&5
gcc (GCC) 4.4.4 20100726 (Red Hat 4.4.4-13)
Copyright (C) 2010 Free Software Foundation, Inc.
This is free software; see the source for copying conditions.  There is NO
warranty; not even for MERCHANTABILITY or FITNESS FOR A PARTICULAR PURPOSE.

configure:2896: $? = 0
configure:2903: gcc -v >&5
Using built-in specs.
Target: x86_64-redhat-linux
Configured with: ../configure --prefix=/usr --mandir=/usr/share/man --infodir=/usr/share/info --with-bugurl=http://bugzilla.redhat.com/bugzilla --enable-bootstrap --enable-shared --enable-threads=posix --enable-checking=release --with-system-zlib --enable-__cxa_atexit --disable-libunwind-exceptions --enable-gnu-unique-object --enable-languages=c,c++,objc,obj-c++,java,fortran,ada --enable-java-awt=gtk --disable-dssi --with-java-home=/usr/lib/jvm/java-1.5.0-gcj-1.5.0.0/jre --enable-libgcj-multifile --enable-java-maintainer-mode --with-ecj-jar=/usr/share/java/eclipse-ecj.jar --disable-libjava-multilib --with-ppl --with-cloog --with-tune=generic --with-arch_32=i686 --build=x86_64-redhat-linux
Thread model: posix
gcc version 4.4.4 20100726 (Red Hat 4.4.4-13) (GCC) 
configure:2907: $? = 0
configure:2914: gcc -V >&5
gcc: '-V' option must have argument
configure:2918: $? = 1
configure:2941: checking for C compiler default output file name
configure:2963: gcc    conftest.c  >&5
configure:2967: $? = 0
configure:3005: result: a.out
configure:3024: checking whether the C compiler works
configure:3034: ./a.out
configure:3038: $? = 0
configure:3057: result: yes
configure:3064: checking whether we are cross compiling
configure:3066: result: no
configure:3069: checking for suffix of executables
configure:3076: gcc -o conftest    conftest.c  >&5
configure:3080: $? = 0
configure:3106: result: 
configure:3112: checking for suffix of object files
configure:3138: gcc -c   conftest.c >&5
configure:3142: $? = 0
configure:3167: result: o
configure:3171: checking whether we are using the GNU C compiler
configure:3200: gcc -c   conftest.c >&5
configure:3207: $? = 0
configure:3224: result: yes
configure:3233: checking whether gcc accepts -g
configure:3263: gcc -c -g  conftest.c >&5
configure:3270: $? = 0
configure:3371: result: yes
configure:3388: checking for gcc option to accept ISO C89
configure:3462: gcc  -c -g -O2  conftest.c >&5
configure:3469: $? = 0
configure:3492: result: none needed
configure:3521: checking for style of include used by make
configure:3549: result: GNU
configure:3574: checking dependency style of gcc
configure:3684: result: gcc3
configure:3757: checking for g++
configure:3773: found /usr/bin/g++
configure:3784: result: g++
configure:3811: checking for C++ compiler version
configure:3819: g++ --version >&5
g++ (GCC) 4.4.4 20100726 (Red Hat 4.4.4-13)
Copyright (C) 2010 Free Software Foundation, Inc.
This is free software; see the source for copying conditions.  There is NO
warranty; not even for MERCHANTABILITY or FITNESS FOR A PARTICULAR PURPOSE.

configure:3823: $? = 0
configure:3830: g++ -v >&5
Using built-in specs.
Target: x86_64-redhat-linux
Configured with: ../configure --prefix=/usr --mandir=/usr/share/man --infodir=/usr/share/info --with-bugurl=http://bugzilla.redhat.com/bugzilla --enable-bootstrap --enable-shared --enable-threads=posix --enable-checking=release --with-system-zlib --enable-__cxa_atexit --disable-libunwind-exceptions --enable-gnu-unique-object --enable-languages=c,c++,objc,obj-c++,java,fortran,ada --enable-java-awt=gtk --disable-dssi --with-java-home=/usr/lib/jvm/java-1.5.0-gcj-1.5.0.0/jre --enable-libgcj-multifile --enable-java-maintainer-mode --with-ecj-jar=/usr/share/java/eclipse-ecj.jar --disable-libjava-multilib --with-ppl --with-cloog --with-tune=generic --with-arch_32=i686 --build=x86_64-redhat-linux
Thread model: posix
gcc version 4.4.4 20100726 (Red Hat 4.4.4-13) (GCC) 
configure:3834: $? = 0
configure:3841: g++ -V >&5
g++: '-V' option must have argument
configure:3845: $? = 1
configure:3848: checking whether we are using the GNU C++ compiler
configure:3877: g++ -c   conftest.cpp >&5
configure:3884: $? = 0
configure:3901: result: yes
configure:3910: checking whether g++ accepts -g
configure:3940: g++ -c -g  conftest.cpp >&5
configure:3947: $? = 0
configure:4048: result: yes
configure:4073: checking dependency style of g++
configure:4183: result: gcc3
configure:4229: checking build system type
configure:4247: result: x86_64-unknown-linux
configure:4269: checking host system type
configure:4284: result: x86_64-unknown-linux
configure:4306: checking for a sed that does not truncate output
configure:4372: result: /bin/sed
configure:4390: checking for grep that handles long lines and -e
configure:4450: result: /bin/grep
configure:4455: checking for egrep
configure:4519: result: /bin/grep -E
configure:4524: checking for fgrep
configure:4588: result: /bin/grep -F
configure:4623: checking for ld used by gcc
configure:4690: result: /usr/bin/ld
configure:4699: checking if the linker (/usr/bin/ld) is GNU ld
configure:4714: result: yes
configure:4726: checking for BSD- or MS-compatible name lister (nm)
configure:4775: result: /usr/bin/nm -B
configure:4893: checking the name lister (/usr/bin/nm -B) interface
configure:4900: gcc -c -g -O2  conftest.c >&5
configure:4903: /usr/bin/nm -B "conftest.o"
configure:4906: output
0000000000000000 B some_variable
configure:4913: result: BSD nm
configure:4916: checking whether ln -s works
configure:4920: result: yes
configure:4928: checking the maximum length of command line arguments
configure:5048: result: 1966080
configure:5065: checking whether the shell understands some XSI constructs
configure:5075: result: yes
configure:5079: checking whether the shell understands "+="
configure:5085: result: yes
configure:5120: checking for /usr/bin/ld option to reload object files
configure:5127: result: -r
configure:5196: checking for objdump
configure:5212: found /usr/bin/objdump
configure:5223: result: objdump
configure:5255: checking how to recognize dependent libraries
configure:5451: result: pass_all
configure:5511: checking for ar
configure:5527: found /usr/bin/ar
configure:5538: result: ar
configure:5616: checking for strip
configure:5632: found /usr/bin/strip
configure:5643: result: strip
configure:5715: checking for ranlib
configure:5731: found /usr/bin/ranlib
configure:5742: result: ranlib
configure:5832: checking command to parse /usr/bin/nm -B output from gcc object
configure:5950: gcc -c -g -O2  conftest.c >&5
configure:5953: $? = 0
configure:5957: /usr/bin/nm -B conftest.o \| sed -n -e 's/^.*[	 ]\([ABCDGIRSTW][ABCDGIRSTW]*\)[	 ][	 ]*\([_A-Za-z][_A-Za-z0-9]*\)$/\1 \2 \2/p' \> conftest.nm
configure:5960: $? = 0
configure:6014: gcc -o conftest -g -O2   conftest.c conftstm.o >&5
configure:6017: $? = 0
configure:6055: result: ok
configure:6151: gcc -c -g -O2  conftest.c >&5
configure:6154: $? = 0
configure:6922: checking how to run the C preprocessor
configure:6962: gcc -E  conftest.c
configure:6969: $? = 0
configure:7000: gcc -E  conftest.c
conftest.c:12:28: error: ac_nonexistent.h: No such file or directory
configure:7007: $? = 1
configure: failed program was:
| /* confdefs.h.  */
| #define PACKAGE_NAME "mstflint"
| #define PACKAGE_TARNAME "mstflint"
| #define PACKAGE_VERSION "1.4"
| #define PACKAGE_STRING "mstflint 1.4"
| #define PACKAGE_BUGREPORT "orenk@mellanox.co.il"
| #define PROJECT "mstflint"
| #define VERSION "1.4"
| #define PACKAGE "mstflint"
| #define VERSION "1.4"
| /* end confdefs.h.  */
| #include <ac_nonexistent.h>
configure:7040: result: gcc -E
configure:7069: gcc -E  conftest.c
configure:7076: $? = 0
configure:7107: gcc -E  conftest.c
conftest.c:12:28: error: ac_nonexistent.h: No such file or directory
configure:7114: $? = 1
configure: failed program was:
| /* confdefs.h.  */
| #define PACKAGE_NAME "mstflint"
| #define PACKAGE_TARNAME "mstflint"
| #define PACKAGE_VERSION "1.4"
| #define PACKAGE_STRING "mstflint 1.4"
| #define PACKAGE_BUGREPORT "orenk@mellanox.co.il"
| #define PROJECT "mstflint"
| #define VERSION "1.4"
| #define PACKAGE "mstflint"
| #define VERSION "1.4"
| /* end confdefs.h.  */
| #include <ac_nonexistent.h>
configure:7154: checking for ANSI C header files
configure:7184: gcc -c -g -O2  conftest.c >&5
configure:7191: $? = 0
configure:7290: gcc -o conftest -g -O2   conftest.c  >&5
configure:7294: $? = 0
configure:7300: ./conftest
configure:7304: $? = 0
configure:7322: result: yes
configure:7346: checking for sys/types.h
configure:7367: gcc -c -g -O2  conftest.c >&5
configure:7374: $? = 0
configure:7391: result: yes
configure:7346: checking for sys/stat.h
configure:7367: gcc -c -g -O2  conftest.c >&5
configure:7374: $? = 0
configure:7391: result: yes
configure:7346: checking for stdlib.h
configure:7367: gcc -c -g -O2  conftest.c >&5
configure:7374: $? = 0
configure:7391: result: yes
configure:7346: checking for string.h
configure:7367: gcc -c -g -O2  conftest.c >&5
configure:7374: $? = 0
configure:7391: result: yes
configure:7346: checking for memory.h
configure:7367: gcc -c -g -O2  conftest.c >&5
configure:7374: $? = 0
configure:7391: result: yes
configure:7346: checking for strings.h
configure:7367: gcc -c -g -O2  conftest.c >&5
configure:7374: $? = 0
configure:7391: result: yes
configure:7346: checking for inttypes.h
configure:7367: gcc -c -g -O2  conftest.c >&5
configure:7374: $? = 0
configure:7391: result: yes
configure:7346: checking for stdint.h
configure:7367: gcc -c -g -O2  conftest.c >&5
configure:7374: $? = 0
configure:7391: result: yes
configure:7346: checking for unistd.h
configure:7367: gcc -c -g -O2  conftest.c >&5
configure:7374: $? = 0
configure:7391: result: yes
configure:7409: checking for dlfcn.h
configure:7430: gcc -c -g -O2  conftest.c >&5
configure:7437: $? = 0
configure:7454: result: yes
configure:7581: checking for C++ compiler version
configure:7589: g++ --version >&5
g++ (GCC) 4.4.4 20100726 (Red Hat 4.4.4-13)
Copyright (C) 2010 Free Software Foundation, Inc.
This is free software; see the source for copying conditions.  There is NO
warranty; not even for MERCHANTABILITY or FITNESS FOR A PARTICULAR PURPOSE.

configure:7593: $? = 0
configure:7600: g++ -v >&5
Using built-in specs.
Target: x86_64-redhat-linux
Configured with: ../configure --prefix=/usr --mandir=/usr/share/man --infodir=/usr/share/info --with-bugurl=http://bugzilla.redhat.com/bugzilla --enable-bootstrap --enable-shared --enable-threads=posix --enable-checking=release --with-system-zlib --enable-__cxa_atexit --disable-libunwind-exceptions --enable-gnu-unique-object --enable-languages=c,c++,objc,obj-c++,java,fortran,ada --enable-java-awt=gtk --disable-dssi --with-java-home=/usr/lib/jvm/java-1.5.0-gcj-1.5.0.0/jre --enable-libgcj-multifile --enable-java-maintainer-mode --with-ecj-jar=/usr/share/java/eclipse-ecj.jar --disable-libjava-multilib --with-ppl --with-cloog --with-tune=generic --with-arch_32=i686 --build=x86_64-redhat-linux
Thread model: posix
gcc version 4.4.4 20100726 (Red Hat 4.4.4-13) (GCC) 
configure:7604: $? = 0
configure:7611: g++ -V >&5
g++: '-V' option must have argument
configure:7615: $? = 1
configure:7618: checking whether we are using the GNU C++ compiler
configure:7671: result: yes
configure:7680: checking whether g++ accepts -g
configure:7818: result: yes
configure:7843: checking dependency style of g++
configure:7953: result: gcc3
configure:7976: checking how to run the C++ preprocessor
configure:8012: g++ -E  conftest.cpp
configure:8019: $? = 0
configure:8050: g++ -E  conftest.cpp
conftest.cpp:23:28: error: ac_nonexistent.h: No such file or directory
configure:8057: $? = 1
configure: failed program was:
| /* confdefs.h.  */
| #define PACKAGE_NAME "mstflint"
| #define PACKAGE_TARNAME "mstflint"
| #define PACKAGE_VERSION "1.4"
| #define PACKAGE_STRING "mstflint 1.4"
| #define PACKAGE_BUGREPORT "orenk@mellanox.co.il"
| #define PROJECT "mstflint"
| #define VERSION "1.4"
| #define PACKAGE "mstflint"
| #define VERSION "1.4"
| #define STDC_HEADERS 1
| #define HAVE_SYS_TYPES_H 1
| #define HAVE_SYS_STAT_H 1
| #define HAVE_STDLIB_H 1
| #define HAVE_STRING_H 1
| #define HAVE_MEMORY_H 1
| #define HAVE_STRINGS_H 1
| #define HAVE_INTTYPES_H 1
| #define HAVE_STDINT_H 1
| #define HAVE_UNISTD_H 1
| #define HAVE_DLFCN_H 1
| /* end confdefs.h.  */
| #include <ac_nonexistent.h>
configure:8090: result: g++ -E
configure:8119: g++ -E  conftest.cpp
configure:8126: $? = 0
configure:8157: g++ -E  conftest.cpp
conftest.cpp:23:28: error: ac_nonexistent.h: No such file or directory
configure:8164: $? = 1
configure: failed program was:
| /* confdefs.h.  */
| #define PACKAGE_NAME "mstflint"
| #define PACKAGE_TARNAME "mstflint"
| #define PACKAGE_VERSION "1.4"
| #define PACKAGE_STRING "mstflint 1.4"
| #define PACKAGE_BUGREPORT "orenk@mellanox.co.il"
| #define PROJECT "mstflint"
| #define VERSION "1.4"
| #define PACKAGE "mstflint"
| #define VERSION "1.4"
| #define STDC_HEADERS 1
| #define HAVE_SYS_TYPES_H 1
| #define HAVE_SYS_STAT_H 1
| #define HAVE_STDLIB_H 1
| #define HAVE_STRING_H 1
| #define HAVE_MEMORY_H 1
| #define HAVE_STRINGS_H 1
| #define HAVE_INTTYPES_H 1
| #define HAVE_STDINT_H 1
| #define HAVE_UNISTD_H 1
| #define HAVE_DLFCN_H 1
| /* end confdefs.h.  */
| #include <ac_nonexistent.h>
configure:8378: checking for objdir
configure:8393: result: .libs
configure:8685: checking if gcc supports -fno-rtti -fno-exceptions
configure:8703: gcc -c -g -O2  -fno-rtti -fno-exceptions conftest.c >&5
cc1: warning: command line option "-fno-rtti" is valid for C++/ObjC++ but not for C
configure:8707: $? = 0
configure:8720: result: no
configure:8740: checking for gcc option to produce PIC
configure:9012: result: -fPIC -DPIC
configure:9024: checking if gcc PIC flag -fPIC -DPIC works
configure:9042: gcc -c -g -O2  -fPIC -DPIC -DPIC conftest.c >&5
configure:9046: $? = 0
configure:9059: result: yes
configure:9083: checking if gcc static flag -static works
configure:9111: result: no
configure:9126: checking if gcc supports -c -o file.o
configure:9147: gcc -c -g -O2  -o out/conftest2.o conftest.c >&5
configure:9151: $? = 0
configure:9173: result: yes
configure:9181: checking if gcc supports -c -o file.o
configure:9228: result: yes
configure:9261: checking whether the gcc linker (/usr/bin/ld -m elf_x86_64) supports shared libraries
configure:10335: result: yes
configure:10372: checking whether -lc should be explicitly linked in
configure:10377: gcc -c -g -O2  conftest.c >&5
configure:10380: $? = 0
configure:10395: gcc -shared conftest.o  -v -Wl,-soname -Wl,conftest -o conftest 2\>\&1 \| /bin/grep  -lc  \>/dev/null 2\>\&1
configure:10398: $? = 0
configure:10410: result: no
configure:10574: checking dynamic linker characteristics
configure:11017: gcc -o conftest -g -O2   -Wl,-rpath -Wl,/foo conftest.c  >&5
configure:11024: $? = 0
configure:11260: result: GNU/Linux ld.so
configure:11362: checking how to hardcode library paths into programs
configure:11387: result: immediate
configure:12220: checking whether stripping libraries is possible
configure:12225: result: yes
configure:12260: checking if libtool supports shared libraries
configure:12262: result: yes
configure:12265: checking whether to build shared libraries
configure:12286: result: yes
configure:12289: checking whether to build static libraries
configure:12293: result: yes
configure:12443: checking for ld used by g++
configure:12510: result: /usr/bin/ld -m elf_x86_64
configure:12519: checking if the linker (/usr/bin/ld -m elf_x86_64) is GNU ld
configure:12534: result: yes
configure:12589: checking whether the g++ linker (/usr/bin/ld -m elf_x86_64) supports shared libraries
configure:13564: result: yes
configure:13592: g++ -c -g -O2  conftest.cpp >&5
configure:13595: $? = 0
configure:13777: checking for g++ option to produce PIC
configure:14094: result: -fPIC -DPIC
configure:14103: checking if g++ PIC flag -fPIC -DPIC works
configure:14121: g++ -c -g -O2  -fPIC -DPIC -DPIC conftest.cpp >&5
configure:14125: $? = 0
configure:14138: result: yes
configure:14159: checking if g++ static flag -static works
configure:14187: result: no
configure:14199: checking if g++ supports -c -o file.o
configure:14220: g++ -c -g -O2  -o out/conftest2.o conftest.cpp >&5
configure:14224: $? = 0
configure:14246: result: yes
configure:14251: checking if g++ supports -c -o file.o
configure:14298: result: yes
configure:14328: checking whether the g++ linker (/usr/bin/ld -m elf_x86_64) supports shared libraries
configure:14354: result: yes
configure:14491: checking dynamic linker characteristics
configure:14882: g++ -o conftest -g -O2   -Wl,-rpath -Wl,/foo conftest.cpp  >&5
configure:14889: $? = 0
configure:15125: result: GNU/Linux ld.so
configure:15176: checking how to hardcode library paths into programs
configure:15201: result: immediate
configure:15262: checking --enable-dc argument
configure:15271: result: 
configure:15284: checking zlib.h usability
configure:15301: gcc -c -g -O2  conftest.c >&5
configure:15308: $? = 0
configure:15322: result: yes
configure:15326: checking zlib.h presence
configure:15341: gcc -E  conftest.c
configure:15348: $? = 0
configure:15362: result: yes
configure:15395: checking for zlib.h
configure:15402: result: yes
configure:15416: checking for uncompress in -lz
configure:15451: gcc -o conftest -g -O2   conftest.c -lz   >&5
configure:15458: $? = 0
configure:15479: result: yes
configure:15641: creating ./config.status

## ---------------------- ##
## Running config.status. ##
## ---------------------- ##

This file was extended by mstflint config.status 1.4, which was
generated by GNU Autoconf 2.63.  Invocation command line was

  CONFIG_FILES    = 
  CONFIG_HEADERS  = 
  CONFIG_LINKS    = 
  CONFIG_COMMANDS = 
  $ ./config.status 

on sw006

config.status:1052: creating Makefile
config.status:1052: creating mstflint.spec
config.status:1052: creating config.h
config.status:1326: executing depfiles commands
config.status:1326: executing libtool commands

## ---------------- ##
## Cache variables. ##
## ---------------- ##

ac_cv_build=x86_64-unknown-linux
ac_cv_c_compiler_gnu=yes
ac_cv_cxx_compiler_gnu=yes
ac_cv_env_CCC_set=
ac_cv_env_CCC_value=
ac_cv_env_CC_set=
ac_cv_env_CC_value=
ac_cv_env_CFLAGS_set=
ac_cv_env_CFLAGS_value=
ac_cv_env_CPPFLAGS_set=
ac_cv_env_CPPFLAGS_value=
ac_cv_env_CPP_set=
ac_cv_env_CPP_value=
ac_cv_env_CXXCPP_set=
ac_cv_env_CXXCPP_value=
ac_cv_env_CXXFLAGS_set=
ac_cv_env_CXXFLAGS_value=
ac_cv_env_CXX_set=
ac_cv_env_CXX_value=
ac_cv_env_LDFLAGS_set=
ac_cv_env_LDFLAGS_value=
ac_cv_env_LIBS_set=
ac_cv_env_LIBS_value=
ac_cv_env_build_alias_set=
ac_cv_env_build_alias_value=
ac_cv_env_host_alias_set=
ac_cv_env_host_alias_value=
ac_cv_env_target_alias_set=
ac_cv_env_target_alias_value=
ac_cv_header_dlfcn_h=yes
ac_cv_header_inttypes_h=yes
ac_cv_header_memory_h=yes
ac_cv_header_stdc=yes
ac_cv_header_stdint_h=yes
ac_cv_header_stdlib_h=yes
ac_cv_header_string_h=yes
ac_cv_header_strings_h=yes
ac_cv_header_sys_stat_h=yes
ac_cv_header_sys_types_h=yes
ac_cv_header_unistd_h=yes
ac_cv_header_zlib_h=yes
ac_cv_host=x86_64-unknown-linux
ac_cv_lib_z_uncompress=yes
ac_cv_objext=o
ac_cv_path_EGREP='/bin/grep -E'
ac_cv_path_FGREP='/bin/grep -F'
ac_cv_path_GREP=/bin/grep
ac_cv_path_SED=/bin/sed
ac_cv_path_install='/usr/bin/install -c'
ac_cv_path_mkdir=/bin/mkdir
ac_cv_prog_AWK=gawk
ac_cv_prog_CPP='gcc -E'
ac_cv_prog_CXXCPP='g++ -E'
ac_cv_prog_ac_ct_AR=ar
ac_cv_prog_ac_ct_CC=gcc
ac_cv_prog_ac_ct_CXX=g++
ac_cv_prog_ac_ct_OBJDUMP=objdump
ac_cv_prog_ac_ct_RANLIB=ranlib
ac_cv_prog_ac_ct_STRIP=strip
ac_cv_prog_cc_c89=
ac_cv_prog_cc_g=yes
ac_cv_prog_cxx_g=yes
ac_cv_prog_make_make_set=yes
am_cv_CC_dependencies_compiler_type=gcc3
am_cv_CXX_dependencies_compiler_type=gcc3
lt_cv_deplibs_check_method=pass_all
lt_cv_file_magic_cmd='$MAGIC_CMD'
lt_cv_file_magic_test_file=
lt_cv_ld_reload_flag=-r
lt_cv_nm_interface='BSD nm'
lt_cv_objdir=.libs
lt_cv_path_LD=/usr/bin/ld
lt_cv_path_LDCXX='/usr/bin/ld -m elf_x86_64'
lt_cv_path_NM='/usr/bin/nm -B'
lt_cv_prog_compiler_c_o=yes
lt_cv_prog_compiler_c_o_CXX=yes
lt_cv_prog_compiler_pic_works=yes
lt_cv_prog_compiler_pic_works_CXX=yes
lt_cv_prog_compiler_rtti_exceptions=no
lt_cv_prog_compiler_static_works=no
lt_cv_prog_compiler_static_works_CXX=no
lt_cv_prog_gnu_ld=yes
lt_cv_prog_gnu_ldcxx=yes
lt_cv_sys_global_symbol_pipe='sed -n -e '\''s/^.*[	 ]\([ABCDGIRSTW][ABCDGIRSTW]*\)[	 ][	 ]*\([_A-Za-z][_A-Za-z0-9]*\)$/\1 \2 \2/p'\'''
lt_cv_sys_global_symbol_to_c_name_address='sed -n -e '\''s/^: \([^ ]*\) $/  {\"\1\", (void *) 0},/p'\'' -e '\''s/^[ABCDGIRSTW]* \([^ ]*\) \([^ ]*\)$/  {"\2", (void *) \&\2},/p'\'''
lt_cv_sys_global_symbol_to_c_name_address_lib_prefix='sed -n -e '\''s/^: \([^ ]*\) $/  {\"\1\", (void *) 0},/p'\'' -e '\''s/^[ABCDGIRSTW]* \([^ ]*\) \(lib[^ ]*\)$/  {"\2", (void *) \&\2},/p'\'' -e '\''s/^[ABCDGIRSTW]* \([^ ]*\) \([^ ]*\)$/  {"lib\2", (void *) \&\2},/p'\'''
lt_cv_sys_global_symbol_to_cdecl='sed -n -e '\''s/^T .* \(.*\)$/extern int \1();/p'\'' -e '\''s/^[ABCDGIRSTW]* .* \(.*\)$/extern char \1;/p'\'''
lt_cv_sys_max_cmd_len=1966080

## ----------------- ##
## Output variables. ##
## ----------------- ##

ACLOCAL='${SHELL} /swgwork/mohammad/tmp/mstflint.tmp/mstflint/config/missing --run aclocal-1.11'
AMDEPBACKSLASH='\'
AMDEP_FALSE='#'
AMDEP_TRUE=''
AMTAR='${SHELL} /swgwork/mohammad/tmp/mstflint.tmp/mstflint/config/missing --run tar'
AR='ar'
AUTOCONF='${SHELL} /swgwork/mohammad/tmp/mstflint.tmp/mstflint/config/missing --run autoconf'
AUTOHEADER='${SHELL} /swgwork/mohammad/tmp/mstflint.tmp/mstflint/config/missing --run autoheader'
AUTOMAKE='${SHELL} /swgwork/mohammad/tmp/mstflint.tmp/mstflint/config/missing --run automake-1.11'
AWK='gawk'
CC='gcc'
CCDEPMODE='depmode=gcc3'
CFLAGS='-g -O2'
CPP='gcc -E'
CPPFLAGS=''
CXX='g++'
CXXCPP='g++ -E'
CXXDEPMODE='depmode=gcc3'
CXXFLAGS='-g -O2'
CYGPATH_W='echo'
DEFS='-DHAVE_CONFIG_H'
DEPDIR='.deps'
DSYMUTIL=''
DUMPBIN=''
ECHO_C=''
ECHO_N='-n'
ECHO_T=''
EGREP='/bin/grep -E'
EXEEXT=''
FGREP='/bin/grep -F'
GREP='/bin/grep'
INSTALL_DATA='${INSTALL} -m 644'
INSTALL_PROGRAM='${INSTALL}'
INSTALL_SCRIPT='${INSTALL}'
INSTALL_STRIP_PROGRAM='$(install_sh) -c -s'
LD='/usr/bin/ld -m elf_x86_64'
LDFLAGS=''
LIBOBJS=''
LIBS='-lz '
LIBTOOL='$(SHELL) $(top_builddir)/libtool'
LIPO=''
LN_S='ln -s'
LTLIBOBJS=''
MAKEINFO='${SHELL} /swgwork/mohammad/tmp/mstflint.tmp/mstflint/config/missing --run makeinfo'
MKDIR_P='/bin/mkdir -p'
NM='/usr/bin/nm -B'
NMEDIT=''
OBJDUMP='objdump'
OBJEXT='o'
OTOOL64=''
OTOOL=''
PACKAGE='mstflint'
PACKAGE_BUGREPORT='orenk@mellanox.co.il'
PACKAGE_NAME='mstflint'
PACKAGE_STRING='mstflint 1.4'
PACKAGE_TARNAME='mstflint'
PACKAGE_VERSION='1.4'
PATH_SEPARATOR=':'
PROJECT=''
RANLIB='ranlib'
SED='/bin/sed'
SET_MAKE=''
SHELL='/bin/sh'
STRIP='strip'
VERSION='1.4'
ac_ct_CC='gcc'
ac_ct_CXX='g++'
ac_ct_DUMPBIN=''
am__EXEEXT_FALSE=''
am__EXEEXT_TRUE='#'
am__fastdepCC_FALSE='#'
am__fastdepCC_TRUE=''
am__fastdepCXX_FALSE='#'
am__fastdepCXX_TRUE=''
am__include='include'
am__isrc=''
am__leading_dot='.'
am__quote=''
am__tar='${AMTAR} chof - "$$tardir"'
am__untar='${AMTAR} xf -'
bindir='${exec_prefix}/bin'
build='x86_64-unknown-linux'
build_alias=''
build_cpu='x86_64'
build_os='linux'
build_vendor='unknown'
datadir='${datarootdir}'
datarootdir='${prefix}/share'
docdir='${datarootdir}/doc/${PACKAGE_TARNAME}'
dvidir='${docdir}'
exec_prefix='${prefix}'
host='x86_64-unknown-linux'
host_alias=''
host_cpu='x86_64'
host_os='linux'
host_vendor='unknown'
htmldir='${docdir}'
includedir='${prefix}/include'
infodir='${datarootdir}/info'
install_sh='${SHELL} /swgwork/mohammad/tmp/mstflint.tmp/mstflint/config/install-sh'
libdir='${exec_prefix}/lib'
libexecdir='${exec_prefix}/libexec'
localedir='${datarootdir}/locale'
localstatedir='${prefix}/var'
lt_ECHO='echo'
mandir='${datarootdir}/man'
mkdir_p='/bin/mkdir -p'
mstflint_CXXFLAGS=''
mstflint_LIBS='-lz'
oldincludedir='/usr/include'
pdfdir='${docdir}'
prefix='/usr/local'
program_transform_name='s,x,x,'
psdir='${docdir}'
sbindir='${exec_prefix}/sbin'
sharedstatedir='${prefix}/com'
sysconfdir='${prefix}/etc'
target_alias=''

## ----------- ##
## confdefs.h. ##
## ----------- ##

#define PACKAGE_NAME "mstflint"
#define PACKAGE_TARNAME "mstflint"
#define PACKAGE_VERSION "1.4"
#define PACKAGE_STRING "mstflint 1.4"
#define PACKAGE_BUGREPORT "orenk@mellanox.co.il"
#define PROJECT "mstflint"
#define VERSION "1.4"
#define PACKAGE "mstflint"
#define VERSION "1.4"
#define STDC_HEADERS 1
#define HAVE_SYS_TYPES_H 1
#define HAVE_SYS_STAT_H 1
#define HAVE_STDLIB_H 1
#define HAVE_STRING_H 1
#define HAVE_MEMORY_H 1
#define HAVE_STRINGS_H 1
#define HAVE_INTTYPES_H 1
#define HAVE_STDINT_H 1
#define HAVE_UNISTD_H 1
#define HAVE_DLFCN_H 1
#define LT_OBJDIR ".libs/"
#define HAVE_LIBZ 1

configure: exit 0

## ---------------------- ##
## Running config.status. ##
## ---------------------- ##

This file was extended by mstflint config.status 1.4, which was
generated by GNU Autoconf 2.63.  Invocation command line was

  CONFIG_FILES    = 
  CONFIG_HEADERS  = 
  CONFIG_LINKS    = 
  CONFIG_COMMANDS = 
  $ ./config.status Makefile depfiles

on schwoop.usersys.redhat.com

config.status:1052: creating Makefile
config.status:1326: executing depfiles commands
